<?xml version="1.0" encoding="UTF-8"?>
<testsuite xmlns:xsi="http://www.w3.org/2001/XMLSchema-instance" xsi:noNamespaceSchemaLocation="https://maven.apache.org/surefire/maven-surefire-plugin/xsd/surefire-test-report.xsd" name="fi.testsolver.mavenproject.AppTest" time="0.032" tests="1" errors="0" skipped="0" failures="0">
  <properties>
    <property name="java.specification.version" value="19"/>
    <property name="sun.cpu.isalist" value="amd64"/>
    <property name="sun.jnu.encoding" value="Cp1252"/>
    <property name="java.class.path" value="C:\Users\Victor\eclipse-workspace\mavenproject\target\test-classes;C:\Users\Victor\eclipse-workspace\mavenproject\target\classes;C:\Users\Victor\.m2\repository\junit\junit\4.11\junit-4.11.jar;C:\Users\Victor\.m2\repository\org\hamcrest\hamcrest-core\1.3\hamcrest-core-1.3.jar;C:\Users\Victor\.m2\repository\com\google\ortools\ortools-java\9.5.2237\ortools-java-9.5.2237.jar;C:\Users\Victor\.m2\repository\com\google\ortools\ortools-linux-x86-64\9.5.2237\ortools-linux-x86-64-9.5.2237.jar;C:\Users\Victor\.m2\repository\com\google\ortools\ortools-darwin-x86-64\9.5.2237\ortools-darwin-x86-64-9.5.2237.jar;C:\Users\Victor\.m2\repository\com\google\ortools\ortools-win32-x86-64\9.5.2237\ortools-win32-x86-64-9.5.2237.jar;C:\Users\Victor\.m2\repository\com\google\ortools\ortools-linux-aarch64\9.5.2237\ortools-linux-aarch64-9.5.2237.jar;C:\Users\Victor\.m2\repository\com\google\ortools\ortools-darwin-aarch64\9.5.2237\ortools-darwin-aarch64-9.5.2237.jar;C:\Users\Victor\.m2\repository\net\java\dev\jna\jna-platform\5.11.0\jna-platform-5.11.0.jar;C:\Users\Victor\.m2\repository\net\java\dev\jna\jna\5.11.0\jna-5.11.0.jar;C:\Users\Victor\.m2\repository\com\google\protobuf\protobuf-java\3.21.5\protobuf-java-3.21.5.jar;"/>
    <property name="java.vm.vendor" value="Oracle Corporation"/>
    <property name="sun.arch.data.model" value="64"/>
    <property name="user.variant" value=""/>
    <property name="java.vendor.url" value="https://java.oracle.com/"/>
    <property name="user.timezone" value="Europe/Helsinki"/>
    <property name="user.country.format" value="FI"/>
    <property name="os.name" value="Windows 11"/>
    <property name="java.vm.specification.version" value="19"/>
    <property name="sun.java.launcher" value="SUN_STANDARD"/>
    <property name="user.country" value="GB"/>
    <property name="sun.boot.library.path" value="C:\Program Files\Java\jdk-19\bin"/>
    <property name="sun.java.command" value="C:\Users\Victor\AppData\Local\Temp\surefire7602715314452506254\surefirebooter10235420092521631863.jar C:\Users\Victor\AppData\Local\Temp\surefire7602715314452506254 2022-12-02T16-09-04_147-jvmRun1 surefire15551525976043959996tmp surefire_016017538865953667395tmp"/>
    <property name="jdk.debug" value="release"/>
    <property name="surefire.test.class.path" value="C:\Users\Victor\eclipse-workspace\mavenproject\target\test-classes;C:\Users\Victor\eclipse-workspace\mavenproject\target\classes;C:\Users\Victor\.m2\repository\junit\junit\4.11\junit-4.11.jar;C:\Users\Victor\.m2\repository\org\hamcrest\hamcrest-core\1.3\hamcrest-core-1.3.jar;C:\Users\Victor\.m2\repository\com\google\ortools\ortools-java\9.5.2237\ortools-java-9.5.2237.jar;C:\Users\Victor\.m2\repository\com\google\ortools\ortools-linux-x86-64\9.5.2237\ortools-linux-x86-64-9.5.2237.jar;C:\Users\Victor\.m2\repository\com\google\ortools\ortools-darwin-x86-64\9.5.2237\ortools-darwin-x86-64-9.5.2237.jar;C:\Users\Victor\.m2\repository\com\google\ortools\ortools-win32-x86-64\9.5.2237\ortools-win32-x86-64-9.5.2237.jar;C:\Users\Victor\.m2\repository\com\google\ortools\ortools-linux-aarch64\9.5.2237\ortools-linux-aarch64-9.5.2237.jar;C:\Users\Victor\.m2\repository\com\google\ortools\ortools-darwin-aarch64\9.5.2237\ortools-darwin-aarch64-9.5.2237.jar;C:\Users\Victor\.m2\repository\net\java\dev\jna\jna-platform\5.11.0\jna-platform-5.11.0.jar;C:\Users\Victor\.m2\repository\net\java\dev\jna\jna\5.11.0\jna-5.11.0.jar;C:\Users\Victor\.m2\repository\com\google\protobuf\protobuf-java\3.21.5\protobuf-java-3.21.5.jar;"/>
    <property name="sun.cpu.endian" value="little"/>
    <property name="user.home" value="C:\Users\Victor"/>
    <property name="user.language" value="en"/>
    <property name="java.specification.vendor" value="Oracle Corporation"/>
    <property name="java.version.date" value="2022-10-18"/>
    <property name="java.home" value="C:\Program Files\Java\jdk-19"/>
    <property name="file.separator" value="\"/>
    <property name="basedir" value="C:\Users\Victor\eclipse-workspace\mavenproject"/>
    <property name="java.vm.compressedOopsMode" value="32-bit"/>
    <property name="line.separator" value="&#10;"/>
    <property name="java.vm.specification.vendor" value="Oracle Corporation"/>
    <property name="java.specification.name" value="Java Platform API Specification"/>
    <property name="surefire.real.class.path" value="C:\Users\Victor\AppData\Local\Temp\surefire7602715314452506254\surefirebooter10235420092521631863.jar"/>
    <property name="user.script" value=""/>
    <property name="sun.management.compiler" value="HotSpot 64-Bit Tiered Compilers"/>
    <property name="java.runtime.version" value="19.0.1+10-21"/>
    <property name="user.name" value="Victor"/>
    <property name="stdout.encoding" value="Cp1252"/>
    <property name="path.separator" value=";"/>
    <property name="os.version" value="10.0"/>
    <property name="java.runtime.name" value="Java(TM) SE Runtime Environment"/>
    <property name="file.encoding" value="UTF-8"/>
    <property name="java.vm.name" value="Java HotSpot(TM) 64-Bit Server VM"/>
    <property name="localRepository" value="C:\Users\Victor\.m2\repository"/>
    <property name="java.vendor.url.bug" value="https://bugreport.java.com/bugreport/"/>
    <property name="java.io.tmpdir" value="C:\Users\Victor\AppData\Local\Temp\"/>
    <property name="java.version" value="19.0.1"/>
    <property name="user.dir" value="C:\Users\Victor\eclipse-workspace\mavenproject"/>
    <property name="os.arch" value="amd64"/>
    <property name="java.vm.specification.name" value="Java Virtual Machine Specification"/>
    <property name="sun.os.patch.level" value=""/>
    <property name="native.encoding" value="Cp1252"/>
    <property name="java.library.path" value="C:\Program Files\Java\jdk-19\bin;C:\WINDOWS\Sun\Java\bin;C:\WINDOWS\system32;C:\WINDOWS;C:/Users/Victor/.p2/pool/plugins/org.eclipse.justj.openjdk.hotspot.jre.full.win32.x86_64_17.0.5.v20221102-0933/jre/bin/server;C:/Users/Victor/.p2/pool/plugins/org.eclipse.justj.openjdk.hotspot.jre.full.win32.x86_64_17.0.5.v20221102-0933/jre/bin;C:\windows\system32;C:\windows;C:\windows\System32\Wbem;C:\windows\System32\WindowsPowerShell\v1.0\;C:\windows\System32\OpenSSH\;C:\Program Files (x86)\NVIDIA Corporation\PhysX\Common;C:\WINDOWS\system32;C:\WINDOWS;C:\WINDOWS\System32\Wbem;C:\WINDOWS\System32\WindowsPowerShell\v1.0\;C:\WINDOWS\System32\OpenSSH\;C:\Program Files\NVIDIA Corporation\NVIDIA NvDLISR;C:\WINDOWS\system32;C:\WINDOWS;C:\WINDOWS\System32\Wbem;C:\WINDOWS\System32\WindowsPowerShell\v1.0\;C:\WINDOWS\System32\OpenSSH\;C:\Program Files\Git\cmd;C:\Program Files\Java\jdk-19\bin;C:\Program Files\Maven\apache-maven-3.8.6\bin;C:\Users\Victor\AppData\Local\Programs\Python\Python310\Scripts\;C:\Users\Victor\AppData\Local\Programs\Python\Python310\;C:\Users\Victor\AppData\Local\Microsoft\WindowsApps;C:\Program Files\JetBrains\PyCharm Community Edition 2022.2.1\bin;;C:\glpk-4.65\w64;;C:\Users\Victor\Desktop;;."/>
    <property name="java.vm.info" value="mixed mode, sharing"/>
    <property name="stderr.encoding" value="Cp1252"/>
    <property name="java.vendor" value="Oracle Corporation"/>
    <property name="java.vm.version" value="19.0.1+10-21"/>
    <property name="sun.io.unicode.encoding" value="UnicodeLittle"/>
    <property name="java.class.version" value="63.0"/>
  </properties>
  <testcase name="shouldAnswerWithTrue" classname="fi.testsolver.mavenproject.AppTest" time="0.003"/>
</testsuite>