<?xml version="1.0" encoding="UTF-8"?>
<testsuite xmlns:xsi="http://www.w3.org/2001/XMLSchema-instance" xsi:noNamespaceSchemaLocation="https://maven.apache.org/surefire/maven-surefire-plugin/xsd/surefire-test-report.xsd" name="fi.testsolver.mavenproject.AppTest" time="0.01" tests="1" errors="0" skipped="0" failures="0">
  <properties>
    <property name="java.specification.version" value="17"/>
    <property name="sun.cpu.isalist" value="amd64"/>
    <property name="sun.jnu.encoding" value="Cp1252"/>
    <property name="java.class.path" value="C:\Users\Victor\eclipse-workspace\mavenproject\target\test-classes;C:\Users\Victor\eclipse-workspace\mavenproject\target\classes;C:\Users\Victor\.m2\repository\junit\junit\4.11\junit-4.11.jar;C:\Users\Victor\.m2\repository\org\hamcrest\hamcrest-core\1.3\hamcrest-core-1.3.jar;C:\Users\Victor\.m2\repository\com\google\ortools\ortools-java\9.5.2237\ortools-java-9.5.2237.jar;C:\Users\Victor\.m2\repository\com\google\ortools\ortools-linux-x86-64\9.5.2237\ortools-linux-x86-64-9.5.2237.jar;C:\Users\Victor\.m2\repository\com\google\ortools\ortools-darwin-x86-64\9.5.2237\ortools-darwin-x86-64-9.5.2237.jar;C:\Users\Victor\.m2\repository\com\google\ortools\ortools-win32-x86-64\9.5.2237\ortools-win32-x86-64-9.5.2237.jar;C:\Users\Victor\.m2\repository\com\google\ortools\ortools-linux-aarch64\9.5.2237\ortools-linux-aarch64-9.5.2237.jar;C:\Users\Victor\.m2\repository\com\google\ortools\ortools-darwin-aarch64\9.5.2237\ortools-darwin-aarch64-9.5.2237.jar;C:\Users\Victor\.m2\repository\net\java\dev\jna\jna-platform\5.11.0\jna-platform-5.11.0.jar;C:\Users\Victor\.m2\repository\net\java\dev\jna\jna\5.11.0\jna-5.11.0.jar;C:\Users\Victor\.m2\repository\com\google\protobuf\protobuf-java\3.21.5\protobuf-java-3.21.5.jar;C:\Users\Victor\.m2\repository\org\apache\poi\poi\5.2.0\poi-5.2.0.jar;C:\Users\Victor\.m2\repository\commons-codec\commons-codec\1.15\commons-codec-1.15.jar;C:\Users\Victor\.m2\repository\org\apache\commons\commons-collections4\4.4\commons-collections4-4.4.jar;C:\Users\Victor\.m2\repository\org\apache\commons\commons-math3\3.6.1\commons-math3-3.6.1.jar;C:\Users\Victor\.m2\repository\commons-io\commons-io\2.11.0\commons-io-2.11.0.jar;C:\Users\Victor\.m2\repository\com\zaxxer\SparseBitSet\1.2\SparseBitSet-1.2.jar;C:\Users\Victor\.m2\repository\org\apache\logging\log4j\log4j-api\2.17.1\log4j-api-2.17.1.jar;C:\Users\Victor\.m2\repository\org\apache\poi\poi-ooxml\5.2.0\poi-ooxml-5.2.0.jar;C:\Users\Victor\.m2\repository\org\apache\poi\poi-ooxml-lite\5.2.0\poi-ooxml-lite-5.2.0.jar;C:\Users\Victor\.m2\repository\org\apache\xmlbeans\xmlbeans\5.0.3\xmlbeans-5.0.3.jar;C:\Users\Victor\.m2\repository\org\apache\commons\commons-compress\1.21\commons-compress-1.21.jar;C:\Users\Victor\.m2\repository\com\github\virtuald\curvesapi\1.06\curvesapi-1.06.jar;C:\Users\Victor\.m2\repository\javax\servlet\servlet-api\2.5\servlet-api-2.5.jar;C:\Users\Victor\.m2\repository\org\json\json\20220924\json-20220924.jar;C:\Users\Victor\.m2\repository\org\apache\httpcomponents\httpclient\4.5.13\httpclient-4.5.13.jar;C:\Users\Victor\.m2\repository\org\apache\httpcomponents\httpcore\4.4.13\httpcore-4.4.13.jar;C:\Users\Victor\.m2\repository\commons-logging\commons-logging\1.2\commons-logging-1.2.jar;C:\Users\Victor\.m2\repository\org\locationtech\jts\jts-core\1.19.0\jts-core-1.19.0.jar;C:\Users\Victor\.m2\repository\org\geotools\gt-shapefile\29-SNAPSHOT\gt-shapefile-29-SNAPSHOT.jar;C:\Users\Victor\.m2\repository\org\geotools\gt-main\29-SNAPSHOT\gt-main-29-SNAPSHOT.jar;C:\Users\Victor\.m2\repository\org\geotools\gt-http\29-SNAPSHOT\gt-http-29-SNAPSHOT.jar;C:\Users\Victor\.m2\repository\org\apache\commons\commons-text\1.10.0\commons-text-1.10.0.jar;C:\Users\Victor\.m2\repository\com\fasterxml\jackson\core\jackson-core\2.13.2\jackson-core-2.13.2.jar;C:\Users\Victor\.m2\repository\com\google\re2j\re2j\1.6\re2j-1.6.jar;C:\Users\Victor\.m2\repository\javax\media\jai_core\1.1.3\jai_core-1.1.3.jar;C:\Users\Victor\.m2\repository\org\geotools\gt-referencing\29-SNAPSHOT\gt-referencing-29-SNAPSHOT.jar;C:\Users\Victor\.m2\repository\org\ejml\ejml-ddense\0.41\ejml-ddense-0.41.jar;C:\Users\Victor\.m2\repository\org\ejml\ejml-core\0.41\ejml-core-0.41.jar;C:\Users\Victor\.m2\repository\commons-pool\commons-pool\1.5.4\commons-pool-1.5.4.jar;C:\Users\Victor\.m2\repository\org\geotools\gt-metadata\29-SNAPSHOT\gt-metadata-29-SNAPSHOT.jar;C:\Users\Victor\.m2\repository\org\geotools\gt-opengis\29-SNAPSHOT\gt-opengis-29-SNAPSHOT.jar;C:\Users\Victor\.m2\repository\systems\uom\systems-common\2.0.2\systems-common-2.0.2.jar;C:\Users\Victor\.m2\repository\javax\measure\unit-api\2.0\unit-api-2.0.jar;C:\Users\Victor\.m2\repository\tech\units\indriya\2.0.2\indriya-2.0.2.jar;C:\Users\Victor\.m2\repository\tech\uom\lib\uom-lib-common\2.0\uom-lib-common-2.0.jar;C:\Users\Victor\.m2\repository\javax\inject\javax.inject\1\javax.inject-1.jar;C:\Users\Victor\.m2\repository\si\uom\si-quantity\2.0.1\si-quantity-2.0.1.jar;C:\Users\Victor\.m2\repository\si\uom\si-units\2.0.1\si-units-2.0.1.jar;C:\Users\Victor\.m2\repository\jakarta\annotation\jakarta.annotation-api\1.3.4\jakarta.annotation-api-1.3.4.jar;C:\Users\Victor\.m2\repository\org\apache\commons\commons-lang3\3.8.1\commons-lang3-3.8.1.jar;C:\Users\Victor\.m2\repository\org\geotools\ogc\net.opengis.ows\29-SNAPSHOT\net.opengis.ows-29-SNAPSHOT.jar;C:\Users\Victor\.m2\repository\org\geotools\ogc\org.w3.xlink\29-SNAPSHOT\org.w3.xlink-29-SNAPSHOT.jar;C:\Users\Victor\.m2\repository\org\eclipse\emf\org.eclipse.emf.common\2.15.0\org.eclipse.emf.common-2.15.0.jar;C:\Users\Victor\.m2\repository\org\eclipse\emf\org.eclipse.emf.ecore\2.15.0\org.eclipse.emf.ecore-2.15.0.jar;C:\Users\Victor\.m2\repository\org\eclipse\emf\org.eclipse.emf.ecore.xmi\2.15.0\org.eclipse.emf.ecore.xmi-2.15.0.jar;C:\Users\Victor\.m2\repository\it\geosolutions\jgridshift\jgridshift-core\1.3\jgridshift-core-1.3.jar;C:\Users\Victor\.m2\repository\net\sf\geographiclib\GeographicLib-Java\1.49\GeographicLib-Java-1.49.jar;"/>
    <property name="java.vm.vendor" value="Eclipse Adoptium"/>
    <property name="sun.arch.data.model" value="64"/>
    <property name="user.variant" value=""/>
    <property name="java.vendor.url" value="https://adoptium.net/"/>
    <property name="user.timezone" value="Europe/Helsinki"/>
    <property name="user.country.format" value="FI"/>
    <property name="os.name" value="Windows 11"/>
    <property name="java.vm.specification.version" value="17"/>
    <property name="sun.java.launcher" value="SUN_STANDARD"/>
    <property name="user.country" value="GB"/>
    <property name="sun.boot.library.path" value="C:\Users\Victor\.p2\pool\plugins\org.eclipse.justj.openjdk.hotspot.jre.full.win32.x86_64_17.0.5.v20221102-0933\jre\bin"/>
    <property name="sun.java.command" value="C:\Users\Victor\AppData\Local\Temp\surefire14651292084521645493\surefirebooter863682940276911520.jar C:\Users\Victor\AppData\Local\Temp\surefire14651292084521645493 2022-12-08T15-34-37_532-jvmRun1 surefire18399068210982430269tmp surefire_018365882131857888770tmp"/>
    <property name="jdk.debug" value="release"/>
    <property name="surefire.test.class.path" value="C:\Users\Victor\eclipse-workspace\mavenproject\target\test-classes;C:\Users\Victor\eclipse-workspace\mavenproject\target\classes;C:\Users\Victor\.m2\repository\junit\junit\4.11\junit-4.11.jar;C:\Users\Victor\.m2\repository\org\hamcrest\hamcrest-core\1.3\hamcrest-core-1.3.jar;C:\Users\Victor\.m2\repository\com\google\ortools\ortools-java\9.5.2237\ortools-java-9.5.2237.jar;C:\Users\Victor\.m2\repository\com\google\ortools\ortools-linux-x86-64\9.5.2237\ortools-linux-x86-64-9.5.2237.jar;C:\Users\Victor\.m2\repository\com\google\ortools\ortools-darwin-x86-64\9.5.2237\ortools-darwin-x86-64-9.5.2237.jar;C:\Users\Victor\.m2\repository\com\google\ortools\ortools-win32-x86-64\9.5.2237\ortools-win32-x86-64-9.5.2237.jar;C:\Users\Victor\.m2\repository\com\google\ortools\ortools-linux-aarch64\9.5.2237\ortools-linux-aarch64-9.5.2237.jar;C:\Users\Victor\.m2\repository\com\google\ortools\ortools-darwin-aarch64\9.5.2237\ortools-darwin-aarch64-9.5.2237.jar;C:\Users\Victor\.m2\repository\net\java\dev\jna\jna-platform\5.11.0\jna-platform-5.11.0.jar;C:\Users\Victor\.m2\repository\net\java\dev\jna\jna\5.11.0\jna-5.11.0.jar;C:\Users\Victor\.m2\repository\com\google\protobuf\protobuf-java\3.21.5\protobuf-java-3.21.5.jar;C:\Users\Victor\.m2\repository\org\apache\poi\poi\5.2.0\poi-5.2.0.jar;C:\Users\Victor\.m2\repository\commons-codec\commons-codec\1.15\commons-codec-1.15.jar;C:\Users\Victor\.m2\repository\org\apache\commons\commons-collections4\4.4\commons-collections4-4.4.jar;C:\Users\Victor\.m2\repository\org\apache\commons\commons-math3\3.6.1\commons-math3-3.6.1.jar;C:\Users\Victor\.m2\repository\commons-io\commons-io\2.11.0\commons-io-2.11.0.jar;C:\Users\Victor\.m2\repository\com\zaxxer\SparseBitSet\1.2\SparseBitSet-1.2.jar;C:\Users\Victor\.m2\repository\org\apache\logging\log4j\log4j-api\2.17.1\log4j-api-2.17.1.jar;C:\Users\Victor\.m2\repository\org\apache\poi\poi-ooxml\5.2.0\poi-ooxml-5.2.0.jar;C:\Users\Victor\.m2\repository\org\apache\poi\poi-ooxml-lite\5.2.0\poi-ooxml-lite-5.2.0.jar;C:\Users\Victor\.m2\repository\org\apache\xmlbeans\xmlbeans\5.0.3\xmlbeans-5.0.3.jar;C:\Users\Victor\.m2\repository\org\apache\commons\commons-compress\1.21\commons-compress-1.21.jar;C:\Users\Victor\.m2\repository\com\github\virtuald\curvesapi\1.06\curvesapi-1.06.jar;C:\Users\Victor\.m2\repository\javax\servlet\servlet-api\2.5\servlet-api-2.5.jar;C:\Users\Victor\.m2\repository\org\json\json\20220924\json-20220924.jar;C:\Users\Victor\.m2\repository\org\apache\httpcomponents\httpclient\4.5.13\httpclient-4.5.13.jar;C:\Users\Victor\.m2\repository\org\apache\httpcomponents\httpcore\4.4.13\httpcore-4.4.13.jar;C:\Users\Victor\.m2\repository\commons-logging\commons-logging\1.2\commons-logging-1.2.jar;C:\Users\Victor\.m2\repository\org\locationtech\jts\jts-core\1.19.0\jts-core-1.19.0.jar;C:\Users\Victor\.m2\repository\org\geotools\gt-shapefile\29-SNAPSHOT\gt-shapefile-29-SNAPSHOT.jar;C:\Users\Victor\.m2\repository\org\geotools\gt-main\29-SNAPSHOT\gt-main-29-SNAPSHOT.jar;C:\Users\Victor\.m2\repository\org\geotools\gt-http\29-SNAPSHOT\gt-http-29-SNAPSHOT.jar;C:\Users\Victor\.m2\repository\org\apache\commons\commons-text\1.10.0\commons-text-1.10.0.jar;C:\Users\Victor\.m2\repository\com\fasterxml\jackson\core\jackson-core\2.13.2\jackson-core-2.13.2.jar;C:\Users\Victor\.m2\repository\com\google\re2j\re2j\1.6\re2j-1.6.jar;C:\Users\Victor\.m2\repository\javax\media\jai_core\1.1.3\jai_core-1.1.3.jar;C:\Users\Victor\.m2\repository\org\geotools\gt-referencing\29-SNAPSHOT\gt-referencing-29-SNAPSHOT.jar;C:\Users\Victor\.m2\repository\org\ejml\ejml-ddense\0.41\ejml-ddense-0.41.jar;C:\Users\Victor\.m2\repository\org\ejml\ejml-core\0.41\ejml-core-0.41.jar;C:\Users\Victor\.m2\repository\commons-pool\commons-pool\1.5.4\commons-pool-1.5.4.jar;C:\Users\Victor\.m2\repository\org\geotools\gt-metadata\29-SNAPSHOT\gt-metadata-29-SNAPSHOT.jar;C:\Users\Victor\.m2\repository\org\geotools\gt-opengis\29-SNAPSHOT\gt-opengis-29-SNAPSHOT.jar;C:\Users\Victor\.m2\repository\systems\uom\systems-common\2.0.2\systems-common-2.0.2.jar;C:\Users\Victor\.m2\repository\javax\measure\unit-api\2.0\unit-api-2.0.jar;C:\Users\Victor\.m2\repository\tech\units\indriya\2.0.2\indriya-2.0.2.jar;C:\Users\Victor\.m2\repository\tech\uom\lib\uom-lib-common\2.0\uom-lib-common-2.0.jar;C:\Users\Victor\.m2\repository\javax\inject\javax.inject\1\javax.inject-1.jar;C:\Users\Victor\.m2\repository\si\uom\si-quantity\2.0.1\si-quantity-2.0.1.jar;C:\Users\Victor\.m2\repository\si\uom\si-units\2.0.1\si-units-2.0.1.jar;C:\Users\Victor\.m2\repository\jakarta\annotation\jakarta.annotation-api\1.3.4\jakarta.annotation-api-1.3.4.jar;C:\Users\Victor\.m2\repository\org\apache\commons\commons-lang3\3.8.1\commons-lang3-3.8.1.jar;C:\Users\Victor\.m2\repository\org\geotools\ogc\net.opengis.ows\29-SNAPSHOT\net.opengis.ows-29-SNAPSHOT.jar;C:\Users\Victor\.m2\repository\org\geotools\ogc\org.w3.xlink\29-SNAPSHOT\org.w3.xlink-29-SNAPSHOT.jar;C:\Users\Victor\.m2\repository\org\eclipse\emf\org.eclipse.emf.common\2.15.0\org.eclipse.emf.common-2.15.0.jar;C:\Users\Victor\.m2\repository\org\eclipse\emf\org.eclipse.emf.ecore\2.15.0\org.eclipse.emf.ecore-2.15.0.jar;C:\Users\Victor\.m2\repository\org\eclipse\emf\org.eclipse.emf.ecore.xmi\2.15.0\org.eclipse.emf.ecore.xmi-2.15.0.jar;C:\Users\Victor\.m2\repository\it\geosolutions\jgridshift\jgridshift-core\1.3\jgridshift-core-1.3.jar;C:\Users\Victor\.m2\repository\net\sf\geographiclib\GeographicLib-Java\1.49\GeographicLib-Java-1.49.jar;"/>
    <property name="sun.cpu.endian" value="little"/>
    <property name="user.home" value="C:\Users\Victor"/>
    <property name="user.language" value="en"/>
    <property name="java.specification.vendor" value="Oracle Corporation"/>
    <property name="java.version.date" value="2022-10-18"/>
    <property name="java.home" value="C:\Users\Victor\.p2\pool\plugins\org.eclipse.justj.openjdk.hotspot.jre.full.win32.x86_64_17.0.5.v20221102-0933\jre"/>
    <property name="file.separator" value="\"/>
    <property name="style.color" value="always"/>
    <property name="basedir" value="C:\Users\Victor\eclipse-workspace\mavenproject"/>
    <property name="java.vm.compressedOopsMode" value="32-bit"/>
    <property name="line.separator" value="&#10;"/>
    <property name="java.vm.specification.vendor" value="Oracle Corporation"/>
    <property name="java.specification.name" value="Java Platform API Specification"/>
    <property name="surefire.real.class.path" value="C:\Users\Victor\AppData\Local\Temp\surefire14651292084521645493\surefirebooter863682940276911520.jar"/>
    <property name="user.script" value=""/>
    <property name="sun.management.compiler" value="HotSpot 64-Bit Tiered Compilers"/>
    <property name="java.runtime.version" value="17.0.5+8"/>
    <property name="user.name" value="Victor"/>
    <property name="path.separator" value=";"/>
    <property name="os.version" value="10.0"/>
    <property name="java.runtime.name" value="OpenJDK Runtime Environment"/>
    <property name="file.encoding" value="Cp1252"/>
    <property name="java.vm.name" value="OpenJDK 64-Bit Server VM"/>
    <property name="java.vendor.version" value="Temurin-17.0.5+8"/>
    <property name="localRepository" value="C:\Users\Victor\.m2\repository"/>
    <property name="java.vendor.url.bug" value="https://github.com/adoptium/adoptium-support/issues"/>
    <property name="java.io.tmpdir" value="C:\Users\Victor\AppData\Local\Temp\"/>
    <property name="java.version" value="17.0.5"/>
    <property name="user.dir" value="C:\Users\Victor\eclipse-workspace\mavenproject"/>
    <property name="os.arch" value="amd64"/>
    <property name="java.vm.specification.name" value="Java Virtual Machine Specification"/>
    <property name="sun.os.patch.level" value=""/>
    <property name="native.encoding" value="Cp1252"/>
    <property name="java.library.path" value="C:\Users\Victor\.p2\pool\plugins\org.eclipse.justj.openjdk.hotspot.jre.full.win32.x86_64_17.0.5.v20221102-0933\jre\bin;C:\WINDOWS\Sun\Java\bin;C:\WINDOWS\system32;C:\WINDOWS;C:/Users/Victor/.p2/pool/plugins/org.eclipse.justj.openjdk.hotspot.jre.full.win32.x86_64_17.0.5.v20221102-0933/jre/bin/server;C:/Users/Victor/.p2/pool/plugins/org.eclipse.justj.openjdk.hotspot.jre.full.win32.x86_64_17.0.5.v20221102-0933/jre/bin;C:\windows\system32;C:\windows;C:\windows\System32\Wbem;C:\windows\System32\WindowsPowerShell\v1.0\;C:\windows\System32\OpenSSH\;C:\Program Files (x86)\NVIDIA Corporation\PhysX\Common;C:\WINDOWS\system32;C:\WINDOWS;C:\WINDOWS\System32\Wbem;C:\WINDOWS\System32\WindowsPowerShell\v1.0\;C:\WINDOWS\System32\OpenSSH\;C:\Program Files\NVIDIA Corporation\NVIDIA NvDLISR;C:\WINDOWS\system32;C:\WINDOWS;C:\WINDOWS\System32\Wbem;C:\WINDOWS\System32\WindowsPowerShell\v1.0\;C:\WINDOWS\System32\OpenSSH\;C:\Program Files\Git\cmd;C:\Program Files\Java\jdk-19\bin;C:\Program Files\Maven\apache-maven-3.8.6\bin;C:\Program Files\nodejs\;C:\Users\Victor\AppData\Local\Programs\Python\Python310\Scripts\;C:\Users\Victor\AppData\Local\Programs\Python\Python310\;C:\Users\Victor\AppData\Local\Microsoft\WindowsApps;C:\Program Files\JetBrains\PyCharm Community Edition 2022.2.1\bin;;C:\glpk-4.65\w64;;C:\Users\Victor\AppData\Local\Programs\Microsoft VS Code\bin;C:\Users\Victor\AppData\Roaming\npm;C:\Program Files\JetBrains\IntelliJ IDEA Community Edition 2022.3\bin;;C:\Users\Victor\Desktop;;."/>
    <property name="java.vm.info" value="mixed mode"/>
    <property name="java.vendor" value="Eclipse Adoptium"/>
    <property name="java.vm.version" value="17.0.5+8"/>
    <property name="sun.io.unicode.encoding" value="UnicodeLittle"/>
    <property name="java.class.version" value="61.0"/>
  </properties>
  <testcase name="shouldAnswerWithTrue" classname="fi.testsolver.mavenproject.AppTest" time="0.003"/>
</testsuite>